2024-01-18 06:43:05 - PHP Warning: Undefined array key "route"
File: C:\xampp\htdocs\opencart\admin\model\design\translation.php
Line: 15

2024-01-18 06:43:07 - PHP Warning: Undefined array key "route"
File: C:\xampp\htdocs\opencart\admin\model\design\translation.php
Line: 15

2024-01-18 06:43:08 - PHP Warning: Undefined array key "route"
File: C:\xampp\htdocs\opencart\admin\model\design\translation.php
Line: 15

2024-01-18 06:43:08 - PHP Warning: Undefined array key "route"
File: C:\xampp\htdocs\opencart\admin\model\design\translation.php
Line: 15

2024-01-18 06:43:08 - PHP Warning: Undefined array key "route"
File: C:\xampp\htdocs\opencart\admin\model\design\translation.php
Line: 15

2024-01-18 06:43:55 - PHP Warning: Undefined array key "route"
File: C:\xampp\htdocs\opencart\admin\model\design\translation.php
Line: 25

2024-01-18 09:21:44 - PHP Warning: Undefined array key "stock_status_id"
File: C:\xampp\htdocs\opencart\admin\model\catalog\product.php
Line: 15

2024-01-18 09:21:44 - PHP Warning: Undefined array key "weight_class_id"
File: C:\xampp\htdocs\opencart\admin\model\catalog\product.php
Line: 15

2024-01-18 09:21:44 - PHP Warning: Undefined array key "length_class_id"
File: C:\xampp\htdocs\opencart\admin\model\catalog\product.php
Line: 15

2024-01-18 09:23:26 - PHP Warning: Undefined array key "stock_status_id"
File: C:\xampp\htdocs\opencart\admin\model\catalog\product.php
Line: 15

2024-01-18 09:23:26 - PHP Warning: Undefined array key "weight_class_id"
File: C:\xampp\htdocs\opencart\admin\model\catalog\product.php
Line: 15

2024-01-18 09:23:26 - PHP Warning: Undefined array key "length_class_id"
File: C:\xampp\htdocs\opencart\admin\model\catalog\product.php
Line: 15

2024-01-18 09:24:26 - PHP Warning: Undefined array key "stock_status_id"
File: C:\xampp\htdocs\opencart\admin\model\catalog\product.php
Line: 15

2024-01-18 09:24:26 - PHP Warning: Undefined array key "weight_class_id"
File: C:\xampp\htdocs\opencart\admin\model\catalog\product.php
Line: 15

2024-01-18 09:24:26 - PHP Warning: Undefined array key "length_class_id"
File: C:\xampp\htdocs\opencart\admin\model\catalog\product.php
Line: 15

2024-01-18 09:24:47 - PHP Warning: Undefined array key "stock_status_id"
File: C:\xampp\htdocs\opencart\admin\model\catalog\product.php
Line: 15

2024-01-18 09:24:47 - PHP Warning: Undefined array key "weight_class_id"
File: C:\xampp\htdocs\opencart\admin\model\catalog\product.php
Line: 15

2024-01-18 09:24:47 - PHP Warning: Undefined array key "length_class_id"
File: C:\xampp\htdocs\opencart\admin\model\catalog\product.php
Line: 15

2024-01-18 09:24:55 - PHP Warning: Undefined array key "stock_status_id"
File: C:\xampp\htdocs\opencart\admin\model\catalog\product.php
Line: 15

2024-01-18 09:24:55 - PHP Warning: Undefined array key "weight_class_id"
File: C:\xampp\htdocs\opencart\admin\model\catalog\product.php
Line: 15

2024-01-18 09:24:55 - PHP Warning: Undefined array key "length_class_id"
File: C:\xampp\htdocs\opencart\admin\model\catalog\product.php
Line: 15

2024-01-18 09:27:47 - PHP Warning: Undefined array key "stock_status_id"
File: C:\xampp\htdocs\opencart\admin\model\catalog\product.php
Line: 15

2024-01-18 09:27:47 - PHP Warning: Undefined array key "weight_class_id"
File: C:\xampp\htdocs\opencart\admin\model\catalog\product.php
Line: 15

2024-01-18 09:27:47 - PHP Warning: Undefined array key "length_class_id"
File: C:\xampp\htdocs\opencart\admin\model\catalog\product.php
Line: 15

